<?xml version="1.0" encoding="UTF-8"?>
<!-- Generated by org.testng.reporters.JUnitReportReporter -->
<testsuite hostname="Mahi" failures="0" tests="1" name="Day1Learns.createInc" time="5.275" errors="0" timestamp="2024-12-19T19:03:09 IST" skipped="0">
  <testcase classname="Day1Learns.createInc" name="create" time="5.275"/>
</testsuite> <!-- Day1Learns.createInc -->
