<?xml version="1.0" encoding="UTF-8"?>
<!-- Generated by org.testng.reporters.JUnitReportReporter -->
<testsuite hostname="Mahi" failures="0" tests="6" name="Runner.RunnerTest" time="24.988" errors="0" timestamp="2024-12-21T17:25:40 IST" skipped="0">
  <testcase classname="Runner.RunnerTest" name="runScenario" time="2.628"/>
  <testcase classname="Runner.RunnerTest" name="runScenario" time="4.816"/>
  <testcase classname="Runner.RunnerTest" name="runScenario" time="2.579"/>
  <testcase classname="Runner.RunnerTest" name="runScenario" time="5.049"/>
  <testcase classname="Runner.RunnerTest" name="runScenario" time="3.724"/>
  <testcase classname="Runner.RunnerTest" name="runScenario" time="6.192"/>
</testsuite> <!-- Runner.RunnerTest -->
