<?xml version="1.0" encoding="UTF-8"?>
<!-- Generated by org.testng.reporters.JUnitReportReporter -->
<testsuite hostname="Mahi" failures="0" tests="1" name="Day1Learns.getIncident" time="3.561" errors="0" timestamp="2024-12-19T19:03:09 IST" skipped="0">
  <testcase classname="Day1Learns.getIncident" name="getAllIncidents" time="3.561"/>
</testsuite> <!-- Day1Learns.getIncident -->
