<?xml version="1.0" encoding="UTF-8"?>
<!-- Generated by org.testng.reporters.JUnitReportReporter -->
<testsuite hostname="Mahi" failures="0" tests="1" name="day1.createInc" time="5.087" errors="0" timestamp="2024-12-18T15:58:02 IST" skipped="0">
  <testcase classname="day1.createInc" name="create" time="5.087"/>
</testsuite> <!-- day1.createInc -->
