<?xml version="1.0" encoding="UTF-8"?>
<!-- Generated by org.testng.reporters.JUnitReportReporter -->
<testsuite hostname="Mahi" failures="0" tests="1" name="day1.updateIncident" time="4.701" errors="0" timestamp="2024-12-18T17:13:10 IST" skipped="0">
  <testcase classname="day1.updateIncident" name="updateInc" time="4.701"/>
</testsuite> <!-- day1.updateIncident -->
