<?xml version="1.0" encoding="UTF-8"?>
<!-- Generated by org.testng.reporters.JUnitReportReporter -->
<testsuite hostname="Mahi" failures="0" tests="6" name="Runner.TestRunner" time="22.843" errors="0" timestamp="2024-12-21T14:42:02 IST" skipped="0">
  <testcase classname="Runner.TestRunner" name="runScenario" time="2.611"/>
  <testcase classname="Runner.TestRunner" name="runScenario" time="4.913"/>
  <testcase classname="Runner.TestRunner" name="runScenario" time="2.400"/>
  <testcase classname="Runner.TestRunner" name="runScenario" time="3.286"/>
  <testcase classname="Runner.TestRunner" name="runScenario" time="4.889"/>
  <testcase classname="Runner.TestRunner" name="runScenario" time="4.744"/>
</testsuite> <!-- Runner.TestRunner -->
