<?xml version="1.0" encoding="UTF-8"?>
<!-- Generated by org.testng.reporters.JUnitReportReporter -->
<testsuite hostname="Mahi" failures="0" tests="1" name="Day1Learns.updateIncident" time="2.657" errors="0" timestamp="2024-12-19T18:13:51 IST" skipped="0">
  <testcase classname="Day1Learns.updateIncident" name="updateInc" time="2.657"/>
</testsuite> <!-- Day1Learns.updateIncident -->
