<?xml version="1.0" encoding="UTF-8"?>
<!-- Generated by org.testng.reporters.JUnitReportReporter -->
<testsuite hostname="Mahi" failures="0" tests="1" name="day1.getIncident" time="4.730" errors="0" timestamp="2024-12-18T16:58:10 IST" skipped="0">
  <testcase classname="day1.getIncident" name="getAllIncidents" time="4.730"/>
</testsuite> <!-- day1.getIncident -->
