<?xml version="1.0" encoding="UTF-8"?>
<!-- Generated by org.testng.reporters.JUnitReportReporter -->
<testsuite hostname="Mahi" failures="0" tests="1" name="day1.deleteIncident" time="4.248" errors="0" timestamp="2024-12-19T13:14:02 IST" skipped="0">
  <testcase classname="day1.deleteIncident" name="delIncident" time="4.248"/>
</testsuite> <!-- day1.deleteIncident -->
