<?xml version="1.0" encoding="UTF-8"?>
<!-- Generated by org.testng.reporters.JUnitReportReporter -->
<testsuite hostname="Mahi" failures="0" tests="1" name="Day1Learns.deleteIncident" time="2.926" errors="0" timestamp="2024-12-19T18:13:51 IST" skipped="0">
  <testcase classname="Day1Learns.deleteIncident" name="delIncident" time="2.926"/>
</testsuite> <!-- Day1Learns.deleteIncident -->
