<?xml version="1.0" encoding="UTF-8"?>
<!-- Generated by org.testng.reporters.JUnitReportReporter -->
<testsuite hostname="Mahi" failures="0" tests="4" name="Runner.TestRunner" time="13.613" errors="0" timestamp="2024-12-20T02:56:43 IST" skipped="0">
  <testcase classname="Runner.TestRunner" name="runScenario" time="2.435"/>
  <testcase classname="Runner.TestRunner" name="runScenario" time="2.576"/>
  <testcase classname="Runner.TestRunner" name="runScenario" time="6.133"/>
  <testcase classname="Runner.TestRunner" name="runScenario" time="2.469"/>
</testsuite> <!-- Runner.TestRunner -->
